=== HOT-UNPLUG TEST LOG ===
Date: Mon 12 Jan 2026 01:32:28 PM PST
Iterations planned: 10

=== Round 1/10 ===
Unplug time: Mon 12 Jan 2026 01:33:08 PM PST
dmesg: USB disconnect clean, timed out to flush queues (expected)
Kernel complaints: NONE
Plug-in time: Mon 12 Jan 2026 01:34:42 PM PST
Recovery: Device detected, WiFi reconnected, ping OK
Result: PASS

=== Round 2/10 ===
Unplug time: Mon 12 Jan 2026 01:35:59 PM PST
dmesg: USB disconnect clean, xhci warning (normal), timed out to flush queues
Kernel complaints: NONE
Plug-in time: Mon 12 Jan 2026 01:37:07 PM PST
Recovery: Device detected, WiFi reconnected, ping OK
Result: PASS

=== Round 3/10 ===
Unplug time: Mon 12 Jan 2026 01:38:39 PM PST
Note: SLOW UNPLUG - triggered USB read failures (ret=-71 EPROTO)
dmesg: USB protocol errors during degraded connection, then disconnect
Kernel complaints: NONE
Plug-in time: Mon 12 Jan 2026 01:41:54 PM PST
Recovery: Device detected, WiFi reconnected, ping OK
Result: PASS

=== Round 4/10 ===
Unplug time: Mon 12 Jan 2026 01:42:47 PM PST
dmesg: USB disconnect clean, xhci warning (normal)
Kernel complaints: NONE
Plug-in time: Mon 12 Jan 2026 01:47:05 PM PST
Recovery: Device detected, WiFi reconnected, ping OK
Result: PASS

=== Round 5/10 ===
Unplug time: Mon 12 Jan 2026 01:48:40 PM PST
dmesg: USB disconnect clean
Kernel complaints: NONE
Plug-in time: Mon 12 Jan 2026 01:53:03 PM PST
Recovery: Device detected, WiFi reconnected, ping OK
Result: PASS

