=== HOT-UNPLUG TEST LOG ===
Date: Mon 12 Jan 2026 01:32:28 PM PST
Iterations planned: 10

=== Round 1/10 ===
Unplug time: Mon 12 Jan 2026 01:33:08 PM PST
dmesg: USB disconnect clean, timed out to flush queues (expected)
Kernel complaints: NONE
Plug-in time: Mon 12 Jan 2026 01:34:42 PM PST
Recovery: Device detected, WiFi reconnected, ping OK
Result: PASS

=== Round 2/10 ===
Unplug time: Mon 12 Jan 2026 01:35:59 PM PST
dmesg: USB disconnect clean, xhci warning (normal), timed out to flush queues
Kernel complaints: NONE
Plug-in time: Mon 12 Jan 2026 01:37:07 PM PST
Recovery: Device detected, WiFi reconnected, ping OK
Result: PASS

=== Round 3/10 ===
Unplug time: Mon 12 Jan 2026 01:38:39 PM PST
Note: SLOW UNPLUG - triggered USB read failures (ret=-71 EPROTO)
dmesg: USB protocol errors during degraded connection, then disconnect
Kernel complaints: NONE
Plug-in time: Mon 12 Jan 2026 01:41:54 PM PST
Recovery: Device detected, WiFi reconnected, ping OK
Result: PASS

=== Round 4/10 ===
Unplug time: Mon 12 Jan 2026 01:42:47 PM PST
dmesg: USB disconnect clean, xhci warning (normal)
Kernel complaints: NONE
Plug-in time: Mon 12 Jan 2026 01:47:05 PM PST
Recovery: Device detected, WiFi reconnected, ping OK
Result: PASS

=== Round 5/10 ===
Unplug time: Mon 12 Jan 2026 01:48:40 PM PST
dmesg: USB disconnect clean
Kernel complaints: NONE
Plug-in time: Mon 12 Jan 2026 01:53:03 PM PST
Recovery: Device detected, WiFi reconnected, ping OK
Result: PASS

=== Round 6/10 ===
Unplug time: Mon 12 Jan 2026 01:54:34 PM PST
dmesg: USB disconnect clean
Kernel complaints: NONE
Plug-in time: Mon 12 Jan 2026 01:55:18 PM PST
Recovery: Device detected, WiFi reconnected, ping OK
Result: PASS

=== Round 7/10 ===
Unplug time: Mon 12 Jan 2026 06:43:31 PM PST
dmesg: USB disconnect clean
Kernel complaints: NONE
Plug-in time: Mon 12 Jan 2026 06:44:02 PM PST
Recovery: Device detected, WiFi reconnected, ping OK
Result: PASS

=== Round 8/10 ===
Unplug time: Mon 12 Jan 2026 06:44:57 PM PST
dmesg: USB disconnect clean
Kernel complaints: NONE
Plug-in time: Mon 12 Jan 2026 06:46:16 PM PST
Recovery: Device detected, WiFi needed extra reconnect, ping OK
Result: PASS

=== Round 9/10 ===
Unplug time: Mon 12 Jan 2026 06:46:47 PM PST
dmesg: USB disconnect clean
Kernel complaints: NONE
Plug-in time: Mon 12 Jan 2026 06:47:26 PM PST
Recovery: Device detected, WiFi reconnected, ping OK
Result: PASS

=== Round 10/10 ===
Unplug time: Mon 12 Jan 2026 06:48:11 PM PST
dmesg: USB disconnect clean
Kernel complaints: NONE
Plug-in time: Mon 12 Jan 2026 06:49:07 PM PST
Recovery: Device detected, WiFi needed extra reconnect, ping OK
Result: PASS

=== FINAL SUMMARY ===
Total rounds: 10
Passed: 10
Failed: 0
Kernel panics: 0
UNDERFLOW warnings: 0
OVERFLOW warnings: 0

VERDICT: ALL TESTS PASSED
