=== TEARDOWN TEST START: Mon 12 Jan 2026 01:19:37 PM PST ===
Interface: wlp0s13f0u2
Gateway: 10.63.200.231
SSID: Briar's Salvation
Iterations: 50

WARNING: This test will repeatedly unload/reload the driver under load

=== Teardown 1/50 ===
  rmmod...
/tmp/teardown_test.sh: line 37: [: 0
0: integer expected
  modprobe...
  reconnecting...
  WARN - reconnect may have failed, continuing...
=== Teardown 2/50 ===
  rmmod...
/tmp/teardown_test.sh: line 37: [: 0
0: integer expected
  modprobe...
  reconnecting...
  WARN - reconnect may have failed, continuing...
=== Teardown 3/50 ===
  rmmod...
/tmp/teardown_test.sh: line 37: [: 0
0: integer expected
  modprobe...
  reconnecting...
  WARN - reconnect may have failed, continuing...
=== Teardown 4/50 ===
  rmmod...
/tmp/teardown_test.sh: line 37: [: 0
0: integer expected
  modprobe...
  reconnecting...
  WARN - reconnect may have failed, continuing...
=== Teardown 5/50 ===
  rmmod...
/tmp/teardown_test.sh: line 37: [: 0
0: integer expected
  modprobe...
  reconnecting...
  WARN - reconnect may have failed, continuing...
=== Teardown 6/50 ===
  rmmod...
/tmp/teardown_test.sh: line 37: [: 0
0: integer expected
  modprobe...
  reconnecting...
  WARN - reconnect may have failed, continuing...
=== Teardown 7/50 ===
  rmmod...
/tmp/teardown_test.sh: line 37: [: 0
0: integer expected
  modprobe...
  reconnecting...
  WARN - reconnect may have failed, continuing...
=== Teardown 8/50 ===
  rmmod...
/tmp/teardown_test.sh: line 37: [: 0
0: integer expected
  modprobe...
  reconnecting...
  WARN - reconnect may have failed, continuing...
=== Teardown 9/50 ===
  rmmod...
/tmp/teardown_test.sh: line 37: [: 0
0: integer expected
  modprobe...
  reconnecting...
  WARN - reconnect may have failed, continuing...
=== Teardown 10/50 ===
  rmmod...
/tmp/teardown_test.sh: line 37: [: 0
0: integer expected
  modprobe...
  reconnecting...
  WARN - reconnect may have failed, continuing...
=== Teardown 11/50 ===
  rmmod...
/tmp/teardown_test.sh: line 37: [: 0
0: integer expected
  modprobe...
  reconnecting...
  WARN - reconnect may have failed, continuing...
=== Teardown 12/50 ===
  rmmod...
/tmp/teardown_test.sh: line 37: [: 0
0: integer expected
  modprobe...
  reconnecting...
  WARN - reconnect may have failed, continuing...
=== Teardown 13/50 ===
  rmmod...
/tmp/teardown_test.sh: line 37: [: 0
0: integer expected
  modprobe...
  reconnecting...
  WARN - reconnect may have failed, continuing...
=== Teardown 14/50 ===
  rmmod...
/tmp/teardown_test.sh: line 37: [: 0
0: integer expected
  modprobe...
  reconnecting...
  WARN - reconnect may have failed, continuing...
=== Teardown 15/50 ===
  rmmod...
/tmp/teardown_test.sh: line 37: [: 0
0: integer expected
  modprobe...
  reconnecting...
  WARN - reconnect may have failed, continuing...
=== Teardown 16/50 ===
  rmmod...
/tmp/teardown_test.sh: line 37: [: 0
0: integer expected
  modprobe...
  reconnecting...
  WARN - reconnect may have failed, continuing...
=== Teardown 17/50 ===
  rmmod...
/tmp/teardown_test.sh: line 37: [: 0
0: integer expected
  modprobe...
  reconnecting...
  WARN - reconnect may have failed, continuing...
=== Teardown 18/50 ===
  rmmod...
/tmp/teardown_test.sh: line 37: [: 0
0: integer expected
  modprobe...
  reconnecting...
  WARN - reconnect may have failed, continuing...
=== Teardown 19/50 ===
  rmmod...
/tmp/teardown_test.sh: line 37: [: 0
0: integer expected
  modprobe...
  reconnecting...
  WARN - reconnect may have failed, continuing...
=== Teardown 20/50 ===
  rmmod...
/tmp/teardown_test.sh: line 37: [: 0
0: integer expected
  modprobe...
  reconnecting...
  WARN - reconnect may have failed, continuing...
=== Teardown 21/50 ===
  rmmod...
/tmp/teardown_test.sh: line 37: [: 0
0: integer expected
  modprobe...
  reconnecting...
  WARN - reconnect may have failed, continuing...
=== Teardown 22/50 ===
  rmmod...
/tmp/teardown_test.sh: line 37: [: 0
0: integer expected
  modprobe...
  reconnecting...
  WARN - reconnect may have failed, continuing...
=== Teardown 23/50 ===
  rmmod...
/tmp/teardown_test.sh: line 37: [: 0
0: integer expected
  modprobe...
  reconnecting...
  WARN - reconnect may have failed, continuing...
=== Teardown 24/50 ===
  rmmod...
/tmp/teardown_test.sh: line 37: [: 0
0: integer expected
  modprobe...
  reconnecting...
  WARN - reconnect may have failed, continuing...
=== Teardown 25/50 ===
  rmmod...
/tmp/teardown_test.sh: line 37: [: 0
0: integer expected
  modprobe...
  reconnecting...
  WARN - reconnect may have failed, continuing...
=== Teardown 26/50 ===
  rmmod...
/tmp/teardown_test.sh: line 37: [: 0
0: integer expected
  modprobe...
  reconnecting...
  WARN - reconnect may have failed, continuing...
=== Teardown 27/50 ===
  rmmod...
/tmp/teardown_test.sh: line 37: [: 0
0: integer expected
  modprobe...
  reconnecting...
  WARN - reconnect may have failed, continuing...
=== Teardown 28/50 ===
  rmmod...
/tmp/teardown_test.sh: line 37: [: 0
0: integer expected
  modprobe...
  reconnecting...
  WARN - reconnect may have failed, continuing...
=== Teardown 29/50 ===
  rmmod...
/tmp/teardown_test.sh: line 37: [: 0
0: integer expected
  modprobe...
  reconnecting...
  WARN - reconnect may have failed, continuing...
=== Teardown 30/50 ===
  rmmod...
/tmp/teardown_test.sh: line 37: [: 0
0: integer expected
  modprobe...
  reconnecting...
  WARN - reconnect may have failed, continuing...
=== Teardown 31/50 ===
  rmmod...
/tmp/teardown_test.sh: line 37: [: 0
0: integer expected
  modprobe...
  reconnecting...
  WARN - reconnect may have failed, continuing...
=== Teardown 32/50 ===
  rmmod...
/tmp/teardown_test.sh: line 37: [: 0
0: integer expected
  modprobe...
  reconnecting...
  WARN - reconnect may have failed, continuing...
=== Teardown 33/50 ===
  rmmod...
/tmp/teardown_test.sh: line 37: [: 0
0: integer expected
  modprobe...
  reconnecting...
  WARN - reconnect may have failed, continuing...
=== Teardown 34/50 ===
  rmmod...
/tmp/teardown_test.sh: line 37: [: 0
0: integer expected
  modprobe...
  reconnecting...
  WARN - reconnect may have failed, continuing...
=== Teardown 35/50 ===
  rmmod...
/tmp/teardown_test.sh: line 37: [: 0
0: integer expected
  modprobe...
  reconnecting...
  WARN - reconnect may have failed, continuing...
=== Teardown 36/50 ===
  rmmod...
/tmp/teardown_test.sh: line 37: [: 0
0: integer expected
  modprobe...
  reconnecting...
  WARN - reconnect may have failed, continuing...
=== Teardown 37/50 ===
  rmmod...
/tmp/teardown_test.sh: line 37: [: 0
0: integer expected
  modprobe...
  reconnecting...
  WARN - reconnect may have failed, continuing...
=== Teardown 38/50 ===
  rmmod...
/tmp/teardown_test.sh: line 37: [: 0
0: integer expected
  modprobe...
  reconnecting...
  WARN - reconnect may have failed, continuing...
=== Teardown 39/50 ===
  rmmod...
/tmp/teardown_test.sh: line 37: [: 0
0: integer expected
  modprobe...
  reconnecting...
  WARN - reconnect may have failed, continuing...
=== Teardown 40/50 ===
  rmmod...
/tmp/teardown_test.sh: line 37: [: 0
0: integer expected
  modprobe...
  reconnecting...
  WARN - reconnect may have failed, continuing...
=== Teardown 41/50 ===
  rmmod...
/tmp/teardown_test.sh: line 37: [: 0
0: integer expected
  modprobe...
  reconnecting...
  WARN - reconnect may have failed, continuing...
=== Teardown 42/50 ===
  rmmod...
/tmp/teardown_test.sh: line 37: [: 0
0: integer expected
  modprobe...
  reconnecting...
  WARN - reconnect may have failed, continuing...
=== Teardown 43/50 ===
  rmmod...
/tmp/teardown_test.sh: line 37: [: 0
0: integer expected
  modprobe...
  reconnecting...
  WARN - reconnect may have failed, continuing...
=== Teardown 44/50 ===
  rmmod...
/tmp/teardown_test.sh: line 37: [: 0
0: integer expected
  modprobe...
  reconnecting...
  WARN - reconnect may have failed, continuing...
=== Teardown 45/50 ===
  rmmod...
/tmp/teardown_test.sh: line 37: [: 0
0: integer expected
  modprobe...
  reconnecting...
  WARN - reconnect may have failed, continuing...
=== Teardown 46/50 ===
  rmmod...
/tmp/teardown_test.sh: line 37: [: 0
0: integer expected
  modprobe...
  reconnecting...
  WARN - reconnect may have failed, continuing...
=== Teardown 47/50 ===
  rmmod...
/tmp/teardown_test.sh: line 37: [: 0
0: integer expected
  modprobe...
  reconnecting...
  WARN - reconnect may have failed, continuing...
=== Teardown 48/50 ===
  rmmod...
/tmp/teardown_test.sh: line 37: [: 0
0: integer expected
  modprobe...
  reconnecting...
  WARN - reconnect may have failed, continuing...
=== Teardown 49/50 ===
  rmmod...
/tmp/teardown_test.sh: line 37: [: 0
0: integer expected
  modprobe...
  reconnecting...
  WARN - reconnect may have failed, continuing...
=== Teardown 50/50 ===
  rmmod...
/tmp/teardown_test.sh: line 37: [: 0
0: integer expected
  modprobe...
  reconnecting...
  WARN - reconnect may have failed, continuing...

=== TEARDOWN TEST COMPLETE: Mon 12 Jan 2026 01:25:31 PM PST ===
Total iterations: 50
Failures detected: 0

=== Final dmesg check ===
No kernel complaints found
